TN:
SF:src/app.ts
FN:15,(anonymous_1)
FNF:1
FNH:1
FNDA:11,(anonymous_1)
DA:1,4
DA:2,4
DA:3,4
DA:5,4
DA:9,4
DA:10,4
DA:13,4
DA:15,4
DA:16,11
DA:18,11
DA:24,4
DA:26,4
LF:12
LH:12
BRF:0
BRH:0
end_of_record
TN:
SF:src/prisma.ts
FN:5,resetDatabase
FN:15,(anonymous_1)
FNF:2
FNH:2
FNDA:3,resetDatabase
FNDA:15,(anonymous_1)
DA:1,4
DA:3,4
DA:5,4
DA:6,3
DA:14,3
DA:15,15
DA:18,3
DA:22,4
LF:8
LH:8
BRF:0
BRH:0
end_of_record
TN:
SF:src/controller/employee.controller.ts
FN:6,(anonymous_0)
FN:10,(anonymous_1)
FN:15,(anonymous_2)
FN:20,(anonymous_3)
FNF:4
FNH:4
FNDA:1,(anonymous_0)
FNDA:1,(anonymous_1)
FNDA:1,(anonymous_2)
FNDA:1,(anonymous_3)
DA:2,4
DA:5,4
DA:7,1
DA:8,0
DA:11,1
DA:12,1
DA:13,0
DA:16,1
DA:17,1
DA:18,0
DA:21,1
DA:22,1
DA:23,0
LF:13
LH:9
BRF:0
BRH:0
end_of_record
TN:
SF:src/controller/lot.controller.ts
FN:4,(anonymous_0)
FN:8,(anonymous_1)
FN:13,(anonymous_2)
FN:18,(anonymous_3)
FN:22,(anonymous_4)
FNF:5
FNH:5
FNDA:1,(anonymous_0)
FNDA:1,(anonymous_1)
FNDA:1,(anonymous_2)
FNDA:1,(anonymous_3)
FNDA:1,(anonymous_4)
DA:2,4
DA:3,4
DA:5,1
DA:6,0
DA:9,1
DA:10,1
DA:11,0
DA:14,1
DA:15,1
DA:16,0
DA:19,1
DA:20,0
DA:23,1
DA:24,1
DA:25,0
LF:15
LH:10
BRF:0
BRH:0
end_of_record
TN:
SF:src/controller/serviceRequest.controller.ts
FN:6,(anonymous_0)
FN:30,(anonymous_1)
FNF:2
FNH:0
FNDA:0,(anonymous_0)
FNDA:0,(anonymous_1)
DA:2,4
DA:4,4
DA:7,0
DA:8,0
DA:11,0
DA:13,0
DA:14,0
DA:17,0
DA:24,0
DA:26,0
DA:31,0
DA:32,0
DA:33,0
DA:35,0
LF:14
LH:2
BRDA:13,0,0,0
BRDA:13,0,1,0
BRF:2
BRH:0
end_of_record
TN:
SF:src/controller/visitor.controller.ts
FN:5,(anonymous_0)
FN:9,(anonymous_1)
FNF:2
FNH:2
FNDA:1,(anonymous_0)
FNDA:1,(anonymous_1)
DA:2,4
DA:4,4
DA:6,1
DA:7,0
DA:10,1
DA:11,1
DA:13,1
DA:14,0
LF:8
LH:6
BRF:0
BRH:0
end_of_record
TN:
SF:src/repository/employee.repository.ts
FN:6,(anonymous_1)
FN:26,(anonymous_2)
FN:51,(anonymous_3)
FN:60,(anonymous_4)
FNF:4
FNH:4
FNDA:1,(anonymous_1)
FNDA:1,(anonymous_2)
FNDA:1,(anonymous_3)
FNDA:1,(anonymous_4)
DA:3,4
DA:4,4
DA:5,4
DA:8,1
DA:9,0
DA:12,1
DA:14,0
DA:29,1
DA:40,0
DA:52,1
DA:61,1
DA:67,0
LF:12
LH:8
BRDA:8,0,0,0
BRDA:8,0,1,1
BRF:2
BRH:1
end_of_record
TN:
SF:src/repository/lot.repository.ts
FN:7,(anonymous_1)
FN:13,(anonymous_2)
FN:19,(anonymous_3)
FN:24,(anonymous_4)
FN:27,(anonymous_5)
FNF:5
FNH:5
FNDA:1,(anonymous_1)
FNDA:1,(anonymous_2)
FNDA:1,(anonymous_3)
FNDA:1,(anonymous_4)
FNDA:1,(anonymous_5)
DA:3,4
DA:5,4
DA:9,1
DA:14,1
DA:20,1
DA:25,1
DA:28,1
LF:7
LH:7
BRF:0
BRH:0
end_of_record
TN:
SF:src/repository/serviceRequest.repository.ts
FN:6,(anonymous_1)
FN:18,(anonymous_2)
FN:25,(anonymous_3)
FNF:3
FNH:0
FNDA:0,(anonymous_1)
FNDA:0,(anonymous_2)
FNDA:0,(anonymous_3)
DA:2,4
DA:4,4
DA:7,0
DA:19,0
DA:26,0
LF:5
LH:2
BRF:0
BRH:0
end_of_record
TN:
SF:src/repository/user.repository.ts
FN:7,(anonymous_1)
FN:17,(anonymous_2)
FNF:2
FNH:2
FNDA:2,(anonymous_1)
FNDA:1,(anonymous_2)
DA:3,4
DA:6,4
DA:8,2
DA:18,1
LF:4
LH:4
BRF:0
BRH:0
end_of_record
TN:
SF:src/repository/visitor.repository.ts
FN:8,(anonymous_1)
FN:20,(anonymous_2)
FNF:2
FNH:2
FNDA:1,(anonymous_1)
FNDA:1,(anonymous_2)
DA:3,4
DA:4,4
DA:7,4
DA:9,1
DA:11,0
DA:21,1
DA:22,0
LF:7
LH:5
BRF:0
BRH:0
end_of_record
TN:
SF:src/routes/employee.route.ts
FNF:0
FNH:0
DA:1,4
DA:2,4
DA:5,4
DA:7,4
DA:8,4
DA:9,4
DA:10,4
DA:12,4
LF:8
LH:8
BRF:0
BRH:0
end_of_record
TN:
SF:src/routes/index.ts
FNF:0
FNH:0
DA:1,4
DA:2,4
DA:3,4
DA:4,4
DA:5,4
DA:7,4
DA:9,4
DA:10,4
DA:11,4
DA:12,4
DA:14,4
LF:11
LH:11
BRF:0
BRH:0
end_of_record
TN:
SF:src/routes/lot.route.ts
FNF:0
FNH:0
DA:1,4
DA:2,4
DA:5,4
DA:7,4
DA:8,4
DA:9,4
DA:10,4
DA:11,4
DA:13,4
LF:9
LH:9
BRF:0
BRH:0
end_of_record
TN:
SF:src/routes/serviceRequest.routes.ts
FNF:0
FNH:0
DA:1,4
DA:2,4
DA:4,4
DA:6,4
DA:7,4
DA:9,4
LF:6
LH:6
BRF:0
BRH:0
end_of_record
TN:
SF:src/routes/visitant.route.ts
FNF:0
FNH:0
DA:1,4
DA:3,4
DA:5,4
DA:7,4
DA:8,4
DA:10,4
LF:6
LH:6
BRF:0
BRH:0
end_of_record
TN:
SF:src/service/employee.service.ts
FN:7,(anonymous_0)
FN:11,(anonymous_1)
FN:15,(anonymous_2)
FN:19,(anonymous_3)
FNF:4
FNH:4
FNDA:1,(anonymous_0)
FNDA:1,(anonymous_1)
FNDA:1,(anonymous_2)
FNDA:1,(anonymous_3)
DA:3,4
DA:5,4
DA:8,1
DA:12,1
DA:16,1
DA:20,1
LF:6
LH:6
BRF:0
BRH:0
end_of_record
TN:
SF:src/service/lot.service.ts
FN:6,(anonymous_0)
FN:10,(anonymous_1)
FN:14,(anonymous_2)
FN:18,(anonymous_3)
FN:22,(anonymous_4)
FNF:5
FNH:5
FNDA:1,(anonymous_0)
FNDA:1,(anonymous_1)
FNDA:1,(anonymous_2)
FNDA:1,(anonymous_3)
FNDA:1,(anonymous_4)
DA:1,4
DA:5,4
DA:7,1
DA:8,0
DA:11,1
DA:12,0
DA:15,1
DA:16,0
DA:19,1
DA:20,0
DA:23,1
LF:11
LH:7
BRF:0
BRH:0
end_of_record
TN:
SF:src/service/serviceRequest.service.ts
FN:6,(anonymous_0)
FN:14,(anonymous_1)
FNF:2
FNH:0
FNDA:0,(anonymous_0)
FNDA:0,(anonymous_1)
DA:2,4
DA:4,4
DA:7,0
DA:8,0
DA:11,0
DA:15,0
LF:6
LH:2
BRDA:7,0,0,0
BRDA:7,0,1,0
BRF:2
BRH:0
end_of_record
TN:
SF:src/service/visitor.service.ts
FN:4,(anonymous_0)
FN:7,(anonymous_1)
FNF:2
FNH:2
FNDA:1,(anonymous_0)
FNDA:1,(anonymous_1)
DA:1,4
DA:3,4
DA:5,1
DA:8,1
LF:4
LH:4
BRF:0
BRH:0
end_of_record
